<?xml version="1.0" encoding="UTF-8"?>
<!-- Generated by org.testng.reporters.JUnitReportReporter -->
<testsuite hostname="LAPTOP-UL54PSPR" failures="0" tests="1" name="TestClass_Pakages.UpdateResume" time="24.927" errors="0" timestamp="2024-02-15T16:43:21 IST" skipped="0">
  <testcase classname="TestClass_Pakages.UpdateResume" name="verifyUpdatepage" time="24.927"/>
  <system-out/>
</testsuite> <!-- TestClass_Pakages.UpdateResume -->
